TN:
SF:src\App.tsx
FN:16,AppRoutes
FN:107,App
FNF:2
FNH:0
FNDA:0,AppRoutes
FNDA:0,App
DA:19,0
DA:108,0
LF:2
LH:0
BRF:0
BRH:0
end_of_record
TN:
SF:src\main.tsx
FNF:0
FNH:0
DA:6,0
LF:1
LH:0
BRF:0
BRH:0
end_of_record
TN:
SF:src\components\ReceiptUpload.tsx
FN:27,ReceiptUpload
FN:39,(anonymous_1)
FN:46,(anonymous_2)
FN:81,(anonymous_3)
FN:82,(anonymous_4)
FN:86,(anonymous_5)
FN:201,(anonymous_6)
FN:225,(anonymous_7)
FN:247,(anonymous_8)
FN:256,(anonymous_9)
FN:293,(anonymous_10)
FN:299,(anonymous_11)
FN:305,(anonymous_12)
FNF:13
FNH:0
FNDA:0,ReceiptUpload
FNDA:0,(anonymous_1)
FNDA:0,(anonymous_2)
FNDA:0,(anonymous_3)
FNDA:0,(anonymous_4)
FNDA:0,(anonymous_5)
FNDA:0,(anonymous_6)
FNDA:0,(anonymous_7)
FNDA:0,(anonymous_8)
FNDA:0,(anonymous_9)
FNDA:0,(anonymous_10)
FNDA:0,(anonymous_11)
FNDA:0,(anonymous_12)
DA:28,0
DA:29,0
DA:30,0
DA:31,0
DA:32,0
DA:33,0
DA:34,0
DA:37,0
DA:39,0
DA:40,0
DA:41,0
DA:42,0
DA:46,0
DA:47,0
DA:48,0
DA:49,0
DA:52,0
DA:53,0
DA:55,0
DA:56,0
DA:57,0
DA:59,0
DA:60,0
DA:65,0
DA:66,0
DA:67,0
DA:70,0
DA:71,0
DA:72,0
DA:73,0
DA:75,0
DA:77,0
DA:81,0
DA:82,0
DA:86,0
DA:87,0
DA:88,0
DA:89,0
DA:90,0
DA:92,0
DA:202,0
DA:225,0
DA:247,0
DA:256,0
DA:293,0
DA:299,0
DA:306,0
DA:307,0
DA:308,0
DA:309,0
LF:50
LH:0
BRDA:40,0,0,0
BRDA:40,0,1,0
BRDA:40,1,0,0
BRDA:40,1,1,0
BRDA:47,2,0,0
BRDA:47,2,1,0
BRDA:65,3,0,0
BRDA:65,3,1,0
BRDA:67,4,0,0
BRDA:67,4,1,0
BRDA:75,5,0,0
BRDA:75,5,1,0
BRDA:87,6,0,0
BRDA:87,6,1,0
BRDA:89,7,0,0
BRDA:89,7,1,0
BRDA:118,8,0,0
BRDA:118,8,1,0
BRDA:126,9,0,0
BRDA:126,9,1,0
BRDA:131,10,0,0
BRDA:131,10,1,0
BRDA:135,11,0,0
BRDA:135,11,1,0
BRDA:143,12,0,0
BRDA:143,12,1,0
BRDA:153,13,0,0
BRDA:153,13,1,0
BRDA:162,14,0,0
BRDA:162,14,1,0
BRDA:165,15,0,0
BRDA:165,15,1,0
BRDA:171,16,0,0
BRDA:171,16,1,0
BRDA:179,17,0,0
BRDA:179,17,1,0
BRDA:185,18,0,0
BRDA:185,18,1,0
BRDA:197,19,0,0
BRDA:197,19,1,0
BRDA:210,20,0,0
BRDA:210,20,1,0
BRDA:220,21,0,0
BRDA:220,21,1,0
BRDA:239,22,0,0
BRDA:239,22,1,0
BRDA:269,23,0,0
BRDA:269,23,1,0
BRDA:275,24,0,0
BRDA:275,24,1,0
BRDA:316,25,0,0
BRDA:316,25,1,0
BRF:52
BRH:0
end_of_record
TN:
SF:src\components\ReceiptUploadWithAssignment.tsx
FN:61,ReceiptUploadWithAssignment
FN:114,(anonymous_1)
FN:135,(anonymous_2)
FN:142,(anonymous_3)
FN:152,(anonymous_4)
FN:152,(anonymous_5)
FN:163,(anonymous_6)
FN:190,(anonymous_7)
FN:197,(anonymous_8)
FN:205,(anonymous_9)
FN:277,(anonymous_10)
FN:297,(anonymous_11)
FN:310,(anonymous_12)
FN:312,(anonymous_13)
FN:319,(anonymous_14)
FN:320,(anonymous_15)
FN:327,(anonymous_16)
FN:331,(anonymous_17)
FN:340,(anonymous_18)
FN:347,(anonymous_19)
FN:356,(anonymous_20)
FN:358,(anonymous_21)
FN:358,(anonymous_22)
FN:361,(anonymous_23)
FN:368,(anonymous_24)
FN:369,(anonymous_25)
FN:377,(anonymous_26)
FN:382,(anonymous_27)
FN:388,(anonymous_28)
FN:393,(anonymous_29)
FN:396,(anonymous_30)
FN:423,(anonymous_31)
FN:428,(anonymous_32)
FN:429,(anonymous_33)
FN:444,(anonymous_34)
FN:453,(anonymous_35)
FN:463,(anonymous_36)
FN:464,(anonymous_37)
FN:531,(anonymous_38)
FN:539,(anonymous_39)
FN:563,(anonymous_40)
FN:564,(anonymous_41)
FN:612,(anonymous_42)
FN:627,(anonymous_43)
FN:634,(anonymous_44)
FN:637,(anonymous_45)
FN:640,(anonymous_46)
FN:643,(anonymous_47)
FN:643,(anonymous_48)
FN:646,(anonymous_49)
FN:647,(anonymous_50)
FN:647,(anonymous_51)
FN:653,(anonymous_52)
FN:656,(anonymous_53)
FN:665,(anonymous_54)
FN:671,(anonymous_55)
FN:688,(anonymous_56)
FN:691,(anonymous_57)
FN:703,(anonymous_58)
FN:711,(anonymous_59)
FN:736,(anonymous_60)
FN:737,(anonymous_61)
FN:742,(anonymous_62)
FN:751,(anonymous_63)
FN:752,(anonymous_64)
FN:757,(anonymous_65)
FN:770,(anonymous_66)
FN:780,(anonymous_67)
FN:869,(anonymous_68)
FN:894,(anonymous_69)
FN:903,(anonymous_70)
FN:918,(anonymous_71)
FN:920,(anonymous_72)
FN:934,(anonymous_73)
FN:935,(anonymous_74)
FN:956,(anonymous_75)
FN:958,(anonymous_76)
FN:973,(anonymous_77)
FN:975,(anonymous_78)
FN:990,(anonymous_79)
FN:992,(anonymous_80)
FN:1004,(anonymous_81)
FN:1011,(anonymous_82)
FN:1048,(anonymous_83)
FN:1063,(anonymous_84)
FN:1064,(anonymous_85)
FN:1075,(anonymous_86)
FN:1090,(anonymous_87)
FN:1125,(anonymous_88)
FN:1140,(anonymous_89)
FN:1151,(anonymous_90)
FN:1163,(anonymous_91)
FN:1196,(anonymous_92)
FN:1219,(anonymous_93)
FN:1220,(anonymous_94)
FN:1221,(anonymous_95)
FN:1229,(anonymous_96)
FN:1230,(anonymous_97)
FN:1248,(anonymous_98)
FN:1249,(anonymous_99)
FN:1257,(anonymous_100)
FN:1286,(anonymous_101)
FN:1303,(anonymous_102)
FN:1311,(anonymous_103)
FN:1326,(anonymous_104)
FN:1338,(anonymous_105)
FN:1350,(anonymous_106)
FN:1353,(anonymous_107)
FN:1372,(anonymous_108)
FN:1376,(anonymous_109)
FN:1388,(anonymous_110)
FN:1445,(anonymous_111)
FN:1448,(anonymous_112)
FN:1449,(anonymous_113)
FN:1454,(anonymous_114)
FN:1493,(anonymous_115)
FN:1493,(anonymous_116)
FN:1513,(anonymous_117)
FN:1517,(anonymous_118)
FN:1525,(anonymous_119)
FNF:120
FNH:8
FNDA:8,ReceiptUploadWithAssignment
FNDA:4,(anonymous_1)
FNDA:4,(anonymous_2)
FNDA:4,(anonymous_3)
FNDA:0,(anonymous_4)
FNDA:0,(anonymous_5)
FNDA:4,(anonymous_6)
FNDA:8,(anonymous_7)
FNDA:0,(anonymous_8)
FNDA:0,(anonymous_9)
FNDA:0,(anonymous_10)
FNDA:0,(anonymous_11)
FNDA:0,(anonymous_12)
FNDA:0,(anonymous_13)
FNDA:0,(anonymous_14)
FNDA:0,(anonymous_15)
FNDA:0,(anonymous_16)
FNDA:0,(anonymous_17)
FNDA:0,(anonymous_18)
FNDA:0,(anonymous_19)
FNDA:0,(anonymous_20)
FNDA:0,(anonymous_21)
FNDA:0,(anonymous_22)
FNDA:0,(anonymous_23)
FNDA:0,(anonymous_24)
FNDA:0,(anonymous_25)
FNDA:0,(anonymous_26)
FNDA:0,(anonymous_27)
FNDA:8,(anonymous_28)
FNDA:0,(anonymous_29)
FNDA:0,(anonymous_30)
FNDA:0,(anonymous_31)
FNDA:0,(anonymous_32)
FNDA:0,(anonymous_33)
FNDA:0,(anonymous_34)
FNDA:0,(anonymous_35)
FNDA:0,(anonymous_36)
FNDA:0,(anonymous_37)
FNDA:0,(anonymous_38)
FNDA:0,(anonymous_39)
FNDA:0,(anonymous_40)
FNDA:0,(anonymous_41)
FNDA:0,(anonymous_42)
FNDA:0,(anonymous_43)
FNDA:0,(anonymous_44)
FNDA:0,(anonymous_45)
FNDA:0,(anonymous_46)
FNDA:0,(anonymous_47)
FNDA:0,(anonymous_48)
FNDA:0,(anonymous_49)
FNDA:0,(anonymous_50)
FNDA:0,(anonymous_51)
FNDA:0,(anonymous_52)
FNDA:0,(anonymous_53)
FNDA:0,(anonymous_54)
FNDA:0,(anonymous_55)
FNDA:0,(anonymous_56)
FNDA:0,(anonymous_57)
FNDA:0,(anonymous_58)
FNDA:0,(anonymous_59)
FNDA:0,(anonymous_60)
FNDA:0,(anonymous_61)
FNDA:4,(anonymous_62)
FNDA:0,(anonymous_63)
FNDA:0,(anonymous_64)
FNDA:0,(anonymous_65)
FNDA:0,(anonymous_66)
FNDA:0,(anonymous_67)
FNDA:0,(anonymous_68)
FNDA:0,(anonymous_69)
FNDA:0,(anonymous_70)
FNDA:0,(anonymous_71)
FNDA:0,(anonymous_72)
FNDA:0,(anonymous_73)
FNDA:0,(anonymous_74)
FNDA:0,(anonymous_75)
FNDA:0,(anonymous_76)
FNDA:0,(anonymous_77)
FNDA:0,(anonymous_78)
FNDA:0,(anonymous_79)
FNDA:0,(anonymous_80)
FNDA:0,(anonymous_81)
FNDA:0,(anonymous_82)
FNDA:0,(anonymous_83)
FNDA:0,(anonymous_84)
FNDA:0,(anonymous_85)
FNDA:0,(anonymous_86)
FNDA:0,(anonymous_87)
FNDA:0,(anonymous_88)
FNDA:0,(anonymous_89)
FNDA:0,(anonymous_90)
FNDA:0,(anonymous_91)
FNDA:0,(anonymous_92)
FNDA:0,(anonymous_93)
FNDA:0,(anonymous_94)
FNDA:0,(anonymous_95)
FNDA:0,(anonymous_96)
FNDA:0,(anonymous_97)
FNDA:0,(anonymous_98)
FNDA:0,(anonymous_99)
FNDA:0,(anonymous_100)
FNDA:0,(anonymous_101)
FNDA:0,(anonymous_102)
FNDA:0,(anonymous_103)
FNDA:0,(anonymous_104)
FNDA:0,(anonymous_105)
FNDA:0,(anonymous_106)
FNDA:0,(anonymous_107)
FNDA:0,(anonymous_108)
FNDA:0,(anonymous_109)
FNDA:0,(anonymous_110)
FNDA:0,(anonymous_111)
FNDA:0,(anonymous_112)
FNDA:0,(anonymous_113)
FNDA:0,(anonymous_114)
FNDA:0,(anonymous_115)
FNDA:0,(anonymous_116)
FNDA:0,(anonymous_117)
FNDA:0,(anonymous_118)
FNDA:0,(anonymous_119)
DA:63,8
DA:64,8
DA:67,8
DA:70,8
DA:71,8
DA:72,8
DA:73,8
DA:74,8
DA:77,8
DA:78,8
DA:79,8
DA:80,8
DA:81,8
DA:82,8
DA:85,8
DA:96,8
DA:97,8
DA:102,8
DA:103,8
DA:104,8
DA:105,8
DA:108,8
DA:110,8
DA:111,8
DA:114,8
DA:115,4
DA:117,4
DA:118,4
DA:119,4
DA:120,4
DA:121,4
DA:122,4
DA:127,0
DA:130,0
DA:131,0
DA:135,8
DA:136,4
DA:137,4
DA:142,8
DA:143,4
DA:145,4
DA:146,4
DA:147,4
DA:148,4
DA:149,4
DA:151,4
DA:152,4
DA:153,0
DA:163,8
DA:164,4
DA:166,4
DA:167,4
DA:168,4
DA:169,4
DA:170,4
DA:171,4
DA:172,4
DA:178,0
DA:184,0
DA:185,0
DA:190,8
DA:191,8
DA:192,4
DA:193,4
DA:197,8
DA:198,0
DA:199,0
DA:200,0
DA:201,0
DA:205,8
DA:206,0
DA:207,0
DA:208,0
DA:211,0
DA:212,0
DA:213,0
DA:216,0
DA:217,0
DA:218,0
DA:221,0
DA:222,0
DA:223,0
DA:225,0
DA:226,0
DA:227,0
DA:228,0
DA:230,0
DA:231,0
DA:236,0
DA:237,0
DA:238,0
DA:239,0
DA:241,0
DA:242,0
DA:243,0
DA:245,0
DA:246,0
DA:250,0
DA:252,0
DA:255,0
DA:258,0
DA:259,0
DA:260,0
DA:261,0
DA:262,0
DA:266,0
DA:277,0
DA:289,0
DA:292,0
DA:293,0
DA:296,0
DA:297,0
DA:298,0
DA:300,0
DA:302,0
DA:304,0
DA:306,0
DA:310,8
DA:312,0
DA:313,0
DA:316,0
DA:317,0
DA:318,0
DA:319,0
DA:320,0
DA:323,0
DA:325,0
DA:326,0
DA:327,0
DA:328,0
DA:331,0
DA:340,8
DA:341,0
DA:342,0
DA:345,0
DA:347,0
DA:356,8
DA:358,0
DA:361,0
DA:362,0
DA:363,0
DA:364,0
DA:368,8
DA:369,0
DA:370,0
DA:372,0
DA:373,0
DA:374,0
DA:376,0
DA:377,0
DA:379,0
DA:382,0
DA:388,8
DA:389,8
DA:391,0
DA:393,0
DA:394,0
DA:396,0
DA:397,0
DA:398,0
DA:399,0
DA:400,0
DA:403,0
DA:404,0
DA:408,0
DA:409,0
DA:412,0
DA:416,0
DA:419,0
DA:423,8
DA:424,0
DA:427,0
DA:428,0
DA:429,0
DA:430,0
DA:431,0
DA:435,0
DA:436,0
DA:437,0
DA:440,0
DA:444,8
DA:445,0
DA:447,0
DA:448,0
DA:449,0
DA:451,0
DA:453,0
DA:463,0
DA:464,0
DA:470,0
DA:487,0
DA:495,0
DA:496,0
DA:497,0
DA:498,0
DA:500,0
DA:501,0
DA:502,0
DA:504,0
DA:505,0
DA:509,0
DA:511,0
DA:514,0
DA:515,0
DA:518,0
DA:519,0
DA:520,0
DA:521,0
DA:522,0
DA:524,0
DA:525,0
DA:527,0
DA:531,8
DA:533,0
DA:534,0
DA:535,0
DA:539,0
DA:540,0
DA:543,0
DA:544,0
DA:545,0
DA:549,0
DA:550,0
DA:551,0
DA:552,0
DA:553,0
DA:557,0
DA:558,0
DA:559,0
DA:561,0
DA:563,0
DA:564,0
DA:565,0
DA:567,0
DA:574,0
DA:581,0
DA:589,0
DA:590,0
DA:591,0
DA:592,0
DA:594,0
DA:595,0
DA:596,0
DA:598,0
DA:599,0
DA:603,0
DA:605,0
DA:608,0
DA:609,0
DA:612,0
DA:613,0
DA:616,0
DA:617,0
DA:620,0
DA:622,0
DA:627,8
DA:628,0
DA:634,0
DA:637,8
DA:638,0
DA:639,0
DA:640,0
DA:641,0
DA:643,0
DA:646,8
DA:647,0
DA:648,0
DA:653,8
DA:654,0
DA:655,0
DA:656,0
DA:657,0
DA:660,0
DA:661,0
DA:663,0
DA:664,0
DA:665,0
DA:666,0
DA:669,0
DA:670,0
DA:671,0
DA:672,0
DA:676,0
DA:688,0
DA:691,0
DA:697,0
DA:698,0
DA:699,0
DA:700,0
DA:703,8
DA:704,0
DA:705,0
DA:706,0
DA:707,0
DA:710,8
DA:711,8
DA:714,8
DA:715,0
DA:724,8
DA:737,0
DA:738,0
DA:743,4
DA:752,0
DA:753,0
DA:758,0
DA:770,0
DA:780,0
DA:870,0
DA:871,0
DA:894,0
DA:903,0
DA:920,0
DA:921,0
DA:922,0
DA:923,0
DA:925,0
DA:935,0
DA:936,0
DA:938,0
DA:957,0
DA:958,0
DA:959,0
DA:961,0
DA:974,0
DA:975,0
DA:976,0
DA:978,0
DA:991,0
DA:992,0
DA:993,0
DA:995,0
DA:1004,0
DA:1011,0
DA:1049,0
DA:1050,0
DA:1051,0
DA:1053,0
DA:1054,0
DA:1056,0
DA:1057,0
DA:1061,0
DA:1062,0
DA:1063,0
DA:1064,0
DA:1065,0
DA:1067,0
DA:1075,0
DA:1090,0
DA:1125,0
DA:1140,0
DA:1151,0
DA:1163,0
DA:1197,0
DA:1220,0
DA:1221,0
DA:1222,0
DA:1224,0
DA:1225,0
DA:1230,0
DA:1231,0
DA:1241,0
DA:1249,0
DA:1250,0
DA:1258,0
DA:1259,0
DA:1260,0
DA:1261,0
DA:1262,0
DA:1286,0
DA:1304,0
DA:1311,0
DA:1326,0
DA:1338,0
DA:1350,0
DA:1354,0
DA:1372,0
DA:1376,0
DA:1388,0
DA:1446,0
DA:1447,0
DA:1448,0
DA:1450,0
DA:1453,0
DA:1455,0
DA:1456,0
DA:1458,0
DA:1459,0
DA:1460,0
DA:1461,0
DA:1462,0
DA:1464,0
DA:1465,0
DA:1466,0
DA:1469,0
DA:1477,0
DA:1493,0
DA:1494,0
DA:1513,0
DA:1517,0
DA:1525,0
LF:400
LH:78
BRDA:118,0,0,4
BRDA:118,0,1,0
BRDA:121,1,0,4
BRDA:121,1,1,0
BRDA:136,2,0,4
BRDA:136,2,1,0
BRDA:143,3,0,0
BRDA:143,3,1,4
BRDA:147,4,0,4
BRDA:147,4,1,0
BRDA:151,5,0,4
BRDA:151,5,1,0
BRDA:151,6,0,4
BRDA:151,6,1,4
BRDA:151,6,2,4
BRDA:153,7,0,0
BRDA:153,7,1,0
BRDA:164,8,0,0
BRDA:164,8,1,4
BRDA:168,9,0,4
BRDA:168,9,1,0
BRDA:171,10,0,4
BRDA:171,10,1,0
BRDA:191,11,0,4
BRDA:191,11,1,4
BRDA:198,12,0,0
BRDA:198,12,1,0
BRDA:198,13,0,0
BRDA:198,13,1,0
BRDA:206,14,0,0
BRDA:206,14,1,0
BRDA:211,15,0,0
BRDA:211,15,1,0
BRDA:216,16,0,0
BRDA:216,16,1,0
BRDA:236,17,0,0
BRDA:236,17,1,0
BRDA:241,18,0,0
BRDA:241,18,1,0
BRDA:242,19,0,0
BRDA:242,19,1,0
BRDA:245,20,0,0
BRDA:245,20,1,0
BRDA:258,21,0,0
BRDA:258,21,1,0
BRDA:259,22,0,0
BRDA:259,22,1,0
BRDA:282,23,0,0
BRDA:282,23,1,0
BRDA:292,24,0,0
BRDA:292,24,1,0
BRDA:304,25,0,0
BRDA:304,25,1,0
BRDA:313,26,0,0
BRDA:313,26,1,0
BRDA:316,27,0,0
BRDA:316,27,1,0
BRDA:317,28,0,0
BRDA:317,28,1,0
BRDA:325,29,0,0
BRDA:325,29,1,0
BRDA:341,30,0,0
BRDA:341,30,1,0
BRDA:342,31,0,0
BRDA:342,31,1,0
BRDA:345,32,0,0
BRDA:345,32,1,0
BRDA:370,33,0,0
BRDA:370,33,1,0
BRDA:379,34,0,0
BRDA:379,34,1,0
BRDA:389,35,0,8
BRDA:389,35,1,0
BRDA:397,36,0,0
BRDA:397,36,1,0
BRDA:398,37,0,0
BRDA:398,37,1,0
BRDA:403,38,0,0
BRDA:403,38,1,0
BRDA:408,39,0,0
BRDA:408,39,1,0
BRDA:424,40,0,0
BRDA:424,40,1,0
BRDA:424,41,0,0
BRDA:424,41,1,0
BRDA:429,42,0,0
BRDA:429,42,1,0
BRDA:430,43,0,0
BRDA:430,43,1,0
BRDA:435,44,0,0
BRDA:435,44,1,0
BRDA:445,45,0,0
BRDA:445,45,1,0
BRDA:445,46,0,0
BRDA:445,46,1,0
BRDA:445,46,2,0
BRDA:445,46,3,0
BRDA:458,47,0,0
BRDA:458,47,1,0
BRDA:461,48,0,0
BRDA:461,48,1,0
BRDA:462,49,0,0
BRDA:462,49,1,0
BRDA:495,50,0,0
BRDA:495,50,1,0
BRDA:500,51,0,0
BRDA:500,51,1,0
BRDA:501,52,0,0
BRDA:501,52,1,0
BRDA:504,53,0,0
BRDA:504,53,1,0
BRDA:524,54,0,0
BRDA:524,54,1,0
BRDA:533,55,0,0
BRDA:533,55,1,0
BRDA:533,56,0,0
BRDA:533,56,1,0
BRDA:540,57,0,0
BRDA:540,57,1,0
BRDA:540,57,2,0
BRDA:543,58,0,0
BRDA:543,58,1,0
BRDA:551,59,0,0
BRDA:551,59,1,0
BRDA:551,60,0,0
BRDA:551,60,1,0
BRDA:565,61,0,0
BRDA:565,61,1,0
BRDA:589,62,0,0
BRDA:589,62,1,0
BRDA:594,63,0,0
BRDA:594,63,1,0
BRDA:595,64,0,0
BRDA:595,64,1,0
BRDA:598,65,0,0
BRDA:598,65,1,0
BRDA:614,66,0,0
BRDA:614,66,1,0
BRDA:620,67,0,0
BRDA:620,67,1,0
BRDA:632,68,0,0
BRDA:632,68,1,0
BRDA:638,69,0,0
BRDA:638,69,1,0
BRDA:648,70,0,0
BRDA:648,70,1,0
BRDA:654,71,0,0
BRDA:654,71,1,0
BRDA:654,72,0,0
BRDA:654,72,1,0
BRDA:663,73,0,0
BRDA:663,73,1,0
BRDA:663,74,0,0
BRDA:663,74,1,0
BRDA:669,75,0,0
BRDA:669,75,1,0
BRDA:669,76,0,0
BRDA:669,76,1,0
BRDA:714,77,0,0
BRDA:714,77,1,8
BRDA:735,78,0,8
BRDA:735,78,1,4
BRDA:738,79,0,0
BRDA:738,79,1,0
BRDA:750,80,0,8
BRDA:750,80,1,8
BRDA:753,81,0,0
BRDA:753,81,1,0
BRDA:772,82,0,8
BRDA:772,82,1,0
BRDA:782,83,0,0
BRDA:782,83,1,8
BRDA:793,84,0,8
BRDA:793,84,1,0
BRDA:798,85,0,8
BRDA:798,85,1,0
BRDA:805,86,0,8
BRDA:805,86,1,8
BRDA:829,87,0,8
BRDA:829,87,1,0
BRDA:837,88,0,8
BRDA:837,88,1,0
BRDA:837,88,2,0
BRDA:842,89,0,0
BRDA:842,89,1,8
BRDA:848,90,0,8
BRDA:848,90,1,0
BRDA:848,90,2,0
BRDA:858,91,0,8
BRDA:858,91,1,0
BRDA:858,91,2,0
BRDA:868,92,0,0
BRDA:868,92,1,0
BRDA:870,93,0,0
BRDA:870,93,1,0
BRDA:878,94,0,0
BRDA:878,94,1,0
BRDA:914,95,0,0
BRDA:914,95,1,0
BRDA:920,96,0,0
BRDA:920,96,1,0
BRDA:936,97,0,0
BRDA:936,97,1,0
BRDA:943,98,0,0
BRDA:943,98,1,0
BRDA:957,99,0,0
BRDA:957,99,1,0
BRDA:959,100,0,0
BRDA:959,100,1,0
BRDA:974,101,0,0
BRDA:974,101,1,0
BRDA:976,102,0,0
BRDA:976,102,1,0
BRDA:991,103,0,0
BRDA:991,103,1,0
BRDA:993,104,0,0
BRDA:993,104,1,0
BRDA:1025,105,0,0
BRDA:1025,105,1,0
BRDA:1026,106,0,0
BRDA:1026,106,1,0
BRDA:1030,107,0,0
BRDA:1030,107,1,0
BRDA:1031,108,0,0
BRDA:1031,108,1,0
BRDA:1037,109,0,0
BRDA:1037,109,1,0
BRDA:1038,110,0,0
BRDA:1038,110,1,0
BRDA:1049,111,0,0
BRDA:1049,111,1,0
BRDA:1053,112,0,0
BRDA:1053,112,1,0
BRDA:1056,113,0,0
BRDA:1056,113,1,0
BRDA:1061,114,0,0
BRDA:1061,114,1,0
BRDA:1083,115,0,0
BRDA:1083,115,1,0
BRDA:1083,116,0,0
BRDA:1083,116,1,0
BRDA:1087,117,0,0
BRDA:1087,117,1,0
BRDA:1098,118,0,0
BRDA:1098,118,1,0
BRDA:1098,118,2,0
BRDA:1123,119,0,0
BRDA:1123,119,1,0
BRDA:1192,120,0,0
BRDA:1192,120,1,0
BRDA:1192,120,2,0
BRDA:1200,121,0,0
BRDA:1200,121,1,0
BRDA:1221,122,0,0
BRDA:1221,122,1,0
BRDA:1224,123,0,0
BRDA:1224,123,1,0
BRDA:1230,124,0,0
BRDA:1230,124,1,0
BRDA:1248,125,0,0
BRDA:1248,125,1,0
BRDA:1248,125,2,0
BRDA:1249,126,0,0
BRDA:1249,126,1,0
BRDA:1275,127,0,8
BRDA:1275,127,1,0
BRDA:1309,128,0,0
BRDA:1309,128,1,0
BRDA:1372,129,0,0
BRDA:1372,129,1,0
BRDA:1376,130,0,0
BRDA:1376,130,1,0
BRDA:1376,130,2,0
BRDA:1383,131,0,0
BRDA:1383,131,1,0
BRDA:1383,131,2,0
BRDA:1388,132,0,0
BRDA:1388,132,1,0
BRDA:1388,133,0,0
BRDA:1388,133,1,0
BRDA:1388,133,2,0
BRDA:1395,134,0,8
BRDA:1395,134,1,0
BRDA:1395,134,2,0
BRDA:1410,135,0,0
BRDA:1410,135,1,0
BRDA:1415,136,0,0
BRDA:1415,136,1,0
BRDA:1428,137,0,0
BRDA:1428,137,1,0
BRDA:1433,138,0,0
BRDA:1433,138,1,0
BRDA:1448,139,0,0
BRDA:1448,139,1,0
BRDA:1450,140,0,0
BRDA:1450,140,1,0
BRDA:1455,141,0,0
BRDA:1455,141,1,0
BRDA:1456,142,0,0
BRDA:1456,142,1,0
BRDA:1461,143,0,0
BRDA:1461,143,1,0
BRDA:1465,144,0,0
BRDA:1465,144,1,0
BRDA:1536,145,0,0
BRDA:1536,145,1,0
BRF:306
BRH:33
end_of_record
TN:
SF:src\components\layout.tsx
FN:9,(anonymous_0)
FNF:1
FNH:0
FNDA:0,(anonymous_0)
DA:9,0
DA:10,0
LF:2
LH:0
BRF:0
BRH:0
end_of_record
TN:
SF:src\components\leaderboard\quests-section.tsx
FN:17,Quests
FN:21,(anonymous_1)
FN:22,(anonymous_2)
FN:23,(anonymous_3)
FN:26,(anonymous_4)
FN:27,(anonymous_5)
FN:31,(anonymous_6)
FN:31,(anonymous_7)
FN:34,(anonymous_8)
FN:35,(anonymous_9)
FNF:10
FNH:0
FNDA:0,Quests
FNDA:0,(anonymous_1)
FNDA:0,(anonymous_2)
FNDA:0,(anonymous_3)
FNDA:0,(anonymous_4)
FNDA:0,(anonymous_5)
FNDA:0,(anonymous_6)
FNDA:0,(anonymous_7)
FNDA:0,(anonymous_8)
FNDA:0,(anonymous_9)
DA:18,0
DA:19,0
DA:21,0
DA:22,0
DA:23,0
DA:26,0
DA:27,0
DA:28,0
DA:31,0
DA:34,0
DA:35,0
DA:36,0
DA:43,0
LF:13
LH:0
BRDA:18,0,0,0
BRDA:18,0,1,0
BRDA:19,1,0,0
BRDA:19,1,1,0
BRDA:19,2,0,0
BRDA:19,2,1,0
BRDA:23,3,0,0
BRDA:23,3,1,0
BRDA:28,4,0,0
BRDA:28,4,1,0
BRDA:31,5,0,0
BRDA:31,5,1,0
BRDA:36,6,0,0
BRDA:36,6,1,0
BRDA:45,7,0,0
BRDA:45,7,1,0
BRDA:49,8,0,0
BRDA:49,8,1,0
BRF:18
BRH:0
end_of_record
TN:
SF:src\components\leaderboard\quests-table.tsx
FN:20,(anonymous_0)
FN:21,handleClaim
FN:44,(anonymous_2)
FN:59,(anonymous_3)
FNF:4
FNH:0
FNDA:0,(anonymous_0)
FNDA:0,handleClaim
FNDA:0,(anonymous_2)
FNDA:0,(anonymous_3)
DA:20,0
DA:22,0
DA:24,0
DA:32,0
DA:33,0
DA:34,0
DA:35,0
DA:36,0
DA:38,0
DA:42,0
DA:45,0
DA:59,0
LF:12
LH:0
BRDA:32,0,0,0
BRDA:32,0,1,0
BRDA:35,1,0,0
BRDA:35,1,1,0
BRDA:48,2,0,0
BRDA:48,2,1,0
BRDA:61,3,0,0
BRDA:61,3,1,0
BRF:8
BRH:0
end_of_record
TN:
SF:src\components\leaderboard\ranking.tsx
FN:17,Ranking
FN:22,(anonymous_1)
FN:38,(anonymous_2)
FN:90,(anonymous_3)
FN:118,(anonymous_4)
FN:149,(anonymous_5)
FNF:6
FNH:0
FNDA:0,Ranking
FNDA:0,(anonymous_1)
FNDA:0,(anonymous_2)
FNDA:0,(anonymous_3)
FNDA:0,(anonymous_4)
FNDA:0,(anonymous_5)
DA:18,0
DA:19,0
DA:22,0
DA:25,0
DA:26,0
DA:29,0
DA:30,0
DA:33,0
DA:39,0
DA:91,0
DA:119,0
DA:150,0
LF:12
LH:0
BRDA:19,0,0,0
BRDA:19,0,1,0
BRDA:29,1,0,0
BRDA:29,1,1,0
BRDA:29,2,0,0
BRDA:29,2,1,0
BRDA:37,3,0,0
BRDA:37,3,1,0
BRDA:42,4,0,0
BRDA:42,4,1,0
BRDA:60,5,0,0
BRDA:60,5,1,0
BRDA:62,6,0,0
BRDA:62,6,1,0
BRDA:64,7,0,0
BRDA:64,7,1,0
BRDA:105,8,0,0
BRDA:105,8,1,0
BRDA:121,9,0,0
BRDA:121,9,1,0
BRF:20
BRH:0
end_of_record
TN:
SF:src\components\leaderboard\timed-quests-card.tsx
FN:9,TimedQuests
FN:10,(anonymous_1)
FN:18,(anonymous_2)
FN:21,(anonymous_3)
FN:22,(anonymous_4)
FN:25,(anonymous_5)
FN:28,(anonymous_6)
FNF:7
FNH:0
FNDA:0,TimedQuests
FNDA:0,(anonymous_1)
FNDA:0,(anonymous_2)
FNDA:0,(anonymous_3)
FNDA:0,(anonymous_4)
FNDA:0,(anonymous_5)
FNDA:0,(anonymous_6)
DA:10,0
DA:11,0
DA:12,0
DA:14,0
DA:15,0
DA:18,0
DA:19,0
DA:21,0
DA:22,0
DA:25,0
DA:28,0
DA:29,0
DA:30,0
DA:31,0
DA:34,0
LF:15
LH:0
BRDA:11,0,0,0
BRDA:11,0,1,0
BRDA:11,1,0,0
BRDA:11,1,1,0
BRDA:19,2,0,0
BRDA:19,2,1,0
BRDA:19,3,0,0
BRDA:19,3,1,0
BRDA:59,4,0,0
BRDA:59,4,1,0
BRF:10
BRH:0
end_of_record
TN:
SF:src\components\sidebar\app-sidebar.tsx
FN:66,AppSidebar
FN:96,(anonymous_1)
FN:110,(anonymous_2)
FNF:3
FNH:0
FNDA:0,AppSidebar
FNDA:0,(anonymous_1)
FNDA:0,(anonymous_2)
DA:49,0
DA:67,0
DA:69,0
DA:70,0
DA:72,0
DA:78,0
DA:97,0
DA:98,0
DA:111,0
DA:126,0
LF:10
LH:0
BRDA:69,0,0,0
BRDA:69,0,1,0
BRDA:97,1,0,0
BRDA:97,1,1,0
BRDA:103,2,0,0
BRDA:103,2,1,0
BRDA:130,3,0,0
BRDA:130,3,1,0
BRF:8
BRH:0
end_of_record
TN:
SF:src\components\sidebar\nav-user.tsx
FN:16,NavUser
FN:28,(anonymous_1)
FN:32,(anonymous_2)
FN:37,(anonymous_3)
FNF:4
FNH:0
FNDA:0,NavUser
FNDA:0,(anonymous_1)
FNDA:0,(anonymous_2)
FNDA:0,(anonymous_3)
DA:25,0
DA:26,0
DA:28,0
DA:29,0
DA:32,0
DA:33,0
DA:34,0
DA:37,0
DA:38,0
DA:41,0
LF:10
LH:0
BRDA:65,0,0,0
BRDA:65,0,1,0
BRF:2
BRH:0
end_of_record
TN:
SF:src\components\ui\avatar.tsx
FN:8,getInitials
FN:11,(anonymous_1)
FN:16,Avatar
FN:32,AvatarImage
FN:50,AvatarFallback
FNF:5
FNH:0
FNDA:0,getInitials
FNDA:0,(anonymous_1)
FNDA:0,Avatar
FNDA:0,AvatarImage
FNDA:0,AvatarFallback
DA:9,0
DA:11,0
DA:20,0
DA:36,0
DA:51,0
LF:5
LH:0
BRF:0
BRH:0
end_of_record
TN:
SF:src\components\ui\badge.tsx
FN:28,Badge
FNF:1
FNH:0
FNDA:0,Badge
DA:7,0
DA:35,0
DA:37,0
LF:3
LH:0
BRDA:31,0,0,0
BRDA:35,1,0,0
BRDA:35,1,1,0
BRF:3
BRH:0
end_of_record
TN:
SF:src\components\ui\breadcrumb.tsx
FN:7,Breadcrumb
FN:11,BreadcrumbList
FN:24,BreadcrumbItem
FN:34,BreadcrumbLink
FN:52,BreadcrumbPage
FN:65,BreadcrumbSeparator
FN:83,BreadcrumbEllipsis
FNF:7
FNH:0
FNDA:0,Breadcrumb
FNDA:0,BreadcrumbList
FNDA:0,BreadcrumbItem
FNDA:0,BreadcrumbLink
FNDA:0,BreadcrumbPage
FNDA:0,BreadcrumbSeparator
FNDA:0,BreadcrumbEllipsis
DA:8,0
DA:12,0
DA:25,0
DA:41,0
DA:43,0
DA:53,0
DA:70,0
DA:87,0
LF:8
LH:0
BRDA:41,0,0,0
BRDA:41,0,1,0
BRDA:78,1,0,0
BRDA:78,1,1,0
BRF:4
BRH:0
end_of_record
TN:
SF:src\components\ui\button.tsx
FN:39,Button
FNF:1
FNH:0
FNDA:0,Button
DA:7,0
DA:49,0
DA:51,0
LF:3
LH:0
BRDA:43,0,0,0
BRDA:49,1,0,0
BRDA:49,1,1,0
BRF:3
BRH:0
end_of_record
TN:
SF:src\components\ui\card.tsx
FN:5,Card
FN:18,CardHeader
FN:31,CardTitle
FN:41,CardDescription
FN:51,CardAction
FN:64,CardContent
FN:74,CardFooter
FNF:7
FNH:0
FNDA:0,Card
FNDA:0,CardHeader
FNDA:0,CardTitle
FNDA:0,CardDescription
FNDA:0,CardAction
FNDA:0,CardContent
FNDA:0,CardFooter
DA:6,0
DA:19,0
DA:32,0
DA:42,0
DA:52,0
DA:65,0
DA:75,0
LF:7
LH:0
BRF:0
BRH:0
end_of_record
TN:
SF:src\components\ui\collapsible.tsx
FN:5,Collapsible
FN:11,CollapsibleTrigger
FN:22,CollapsibleContent
FNF:3
FNH:0
FNDA:0,Collapsible
FNDA:0,CollapsibleTrigger
FNDA:0,CollapsibleContent
DA:8,0
DA:14,0
DA:25,0
LF:3
LH:0
BRF:0
BRH:0
end_of_record
TN:
SF:src\components\ui\dropdown-menu.tsx
FN:7,DropdownMenu
FN:13,DropdownMenuPortal
FN:21,DropdownMenuTrigger
FN:32,DropdownMenuContent
FN:52,DropdownMenuGroup
FN:60,DropdownMenuItem
FN:83,DropdownMenuCheckboxItem
FN:109,DropdownMenuRadioGroup
FN:120,DropdownMenuRadioItem
FN:144,DropdownMenuLabel
FN:164,DropdownMenuSeparator
FN:177,DropdownMenuShortcut
FN:193,DropdownMenuSub
FN:199,DropdownMenuSubTrigger
FN:223,DropdownMenuSubContent
FNF:15
FNH:0
FNDA:0,DropdownMenu
FNDA:0,DropdownMenuPortal
FNDA:0,DropdownMenuTrigger
FNDA:0,DropdownMenuContent
FNDA:0,DropdownMenuGroup
FNDA:0,DropdownMenuItem
FNDA:0,DropdownMenuCheckboxItem
FNDA:0,DropdownMenuRadioGroup
FNDA:0,DropdownMenuRadioItem
FNDA:0,DropdownMenuLabel
FNDA:0,DropdownMenuSeparator
FNDA:0,DropdownMenuShortcut
FNDA:0,DropdownMenuSub
FNDA:0,DropdownMenuSubTrigger
FNDA:0,DropdownMenuSubContent
DA:10,0
DA:16,0
DA:24,0
DA:37,0
DA:55,0
DA:69,0
DA:89,0
DA:112,0
DA:125,0
DA:151,0
DA:168,0
DA:181,0
DA:196,0
DA:207,0
DA:227,0
LF:15
LH:0
BRDA:34,0,0,0
BRDA:63,1,0,0
BRF:2
BRH:0
end_of_record
TN:
SF:src\components\ui\input.tsx
FN:5,Input
FNF:1
FNH:0
FNDA:0,Input
DA:6,0
LF:1
LH:0
BRF:0
BRH:0
end_of_record
TN:
SF:src\components\ui\progress.tsx
FN:6,Progress
FNF:1
FNH:0
FNDA:0,Progress
DA:11,0
LF:1
LH:0
BRDA:23,0,0,0
BRDA:23,0,1,0
BRF:2
BRH:0
end_of_record
TN:
SF:src\components\ui\select.tsx
FN:7,Select
FN:13,SelectGroup
FN:19,SelectValue
FN:25,SelectTrigger
FN:51,SelectContent
FN:88,SelectLabel
FN:101,SelectItem
FN:125,SelectSeparator
FN:138,SelectScrollUpButton
FN:156,SelectScrollDownButton
FNF:10
FNH:0
FNDA:0,Select
FNDA:0,SelectGroup
FNDA:0,SelectValue
FNDA:0,SelectTrigger
FNDA:0,SelectContent
FNDA:0,SelectLabel
FNDA:0,SelectItem
FNDA:0,SelectSeparator
FNDA:0,SelectScrollUpButton
FNDA:0,SelectScrollDownButton
DA:10,0
DA:16,0
DA:22,0
DA:33,0
DA:58,0
DA:92,0
DA:106,0
DA:129,0
DA:142,0
DA:160,0
LF:10
LH:0
BRDA:27,0,0,0
BRDA:54,1,0,0
BRDA:55,2,0,0
BRDA:64,3,0,0
BRDA:64,3,1,0
BRDA:76,4,0,0
BRDA:76,4,1,0
BRF:7
BRH:0
end_of_record
TN:
SF:src\components\ui\separator.tsx
FN:6,Separator
FNF:1
FNH:0
FNDA:0,Separator
DA:12,0
LF:1
LH:0
BRDA:8,0,0,0
BRDA:9,1,0,0
BRF:2
BRH:0
end_of_record
TN:
SF:src\components\ui\sheet.tsx
FN:9,Sheet
FN:13,SheetTrigger
FN:19,SheetClose
FN:25,SheetPortal
FN:31,SheetOverlay
FN:47,SheetContent
FN:84,SheetHeader
FN:94,SheetFooter
FN:104,SheetTitle
FN:117,SheetDescription
FNF:10
FNH:0
FNDA:0,Sheet
FNDA:0,SheetTrigger
FNDA:0,SheetClose
FNDA:0,SheetPortal
FNDA:0,SheetOverlay
FNDA:0,SheetContent
FNDA:0,SheetHeader
FNDA:0,SheetFooter
FNDA:0,SheetTitle
FNDA:0,SheetDescription
DA:10,0
DA:16,0
DA:22,0
DA:28,0
DA:35,0
DA:55,0
DA:85,0
DA:95,0
DA:108,0
DA:121,0
LF:10
LH:0
BRDA:50,0,0,0
BRDA:62,1,0,0
BRDA:62,1,1,0
BRDA:64,2,0,0
BRDA:64,2,1,0
BRDA:66,3,0,0
BRDA:66,3,1,0
BRDA:68,4,0,0
BRDA:68,4,1,0
BRF:9
BRH:0
end_of_record
TN:
SF:src\components\ui\sidebar.tsx
FN:45,useSidebar
FN:54,SidebarProvider
FN:75,(anonymous_2)
FN:90,(anonymous_3)
FN:91,(anonymous_4)
FN:91,(anonymous_5)
FN:95,(anonymous_6)
FN:96,(anonymous_7)
FN:107,(anonymous_8)
FN:115,(anonymous_9)
FN:152,Sidebar
FN:254,SidebarTrigger
FN:268,(anonymous_12)
FN:280,SidebarRail
FN:305,SidebarInset
FN:319,SidebarInput
FN:333,SidebarHeader
FN:344,SidebarFooter
FN:355,SidebarSeparator
FN:369,SidebarContent
FN:383,SidebarGroup
FN:394,SidebarGroupLabel
FN:415,SidebarGroupAction
FN:438,SidebarGroupContent
FN:452,SidebarMenu
FN:463,SidebarMenuItem
FN:496,SidebarMenuButton
FN:546,SidebarMenuAction
FN:578,SidebarMenuBadge
FN:600,SidebarMenuSkeleton
FN:608,(anonymous_30)
FN:638,SidebarMenuSub
FN:653,SidebarMenuSubItem
FN:667,SidebarMenuSubButton
FNF:34
FNH:0
FNDA:0,useSidebar
FNDA:0,SidebarProvider
FNDA:0,(anonymous_2)
FNDA:0,(anonymous_3)
FNDA:0,(anonymous_4)
FNDA:0,(anonymous_5)
FNDA:0,(anonymous_6)
FNDA:0,(anonymous_7)
FNDA:0,(anonymous_8)
FNDA:0,(anonymous_9)
FNDA:0,Sidebar
FNDA:0,SidebarTrigger
FNDA:0,(anonymous_12)
FNDA:0,SidebarRail
FNDA:0,SidebarInset
FNDA:0,SidebarInput
FNDA:0,SidebarHeader
FNDA:0,SidebarFooter
FNDA:0,SidebarSeparator
FNDA:0,SidebarContent
FNDA:0,SidebarGroup
FNDA:0,SidebarGroupLabel
FNDA:0,SidebarGroupAction
FNDA:0,SidebarGroupContent
FNDA:0,SidebarMenu
FNDA:0,SidebarMenuItem
FNDA:0,SidebarMenuButton
FNDA:0,SidebarMenuAction
FNDA:0,SidebarMenuBadge
FNDA:0,SidebarMenuSkeleton
FNDA:0,(anonymous_30)
FNDA:0,SidebarMenuSub
FNDA:0,SidebarMenuSubItem
FNDA:0,SidebarMenuSubButton
DA:26,0
DA:27,0
DA:28,0
DA:29,0
DA:30,0
DA:31,0
DA:43,0
DA:46,0
DA:47,0
DA:48,0
DA:51,0
DA:67,0
DA:68,0
DA:72,0
DA:73,0
DA:74,0
DA:76,0
DA:77,0
DA:78,0
DA:80,0
DA:84,0
DA:90,0
DA:91,0
DA:95,0
DA:96,0
DA:97,0
DA:101,0
DA:102,0
DA:106,0
DA:107,0
DA:112,0
DA:114,0
DA:115,0
DA:127,0
DA:164,0
DA:166,0
DA:167,0
DA:181,0
DA:182,0
DA:206,0
DA:259,0
DA:261,0
DA:269,0
DA:270,0
DA:281,0
DA:283,0
DA:306,0
DA:323,0
DA:334,0
DA:345,0
DA:359,0
DA:370,0
DA:384,0
DA:399,0
DA:401,0
DA:420,0
DA:422,0
DA:442,0
DA:453,0
DA:464,0
DA:474,0
DA:509,0
DA:510,0
DA:513,0
DA:523,0
DA:524,0
DA:527,0
DA:528,0
DA:533,0
DA:555,0
DA:557,0
DA:582,0
DA:608,0
DA:609,0
DA:612,0
DA:639,0
DA:657,0
DA:678,0
DA:680,0
LF:79
LH:0
BRDA:47,0,0,0
BRDA:47,0,1,0
BRDA:55,1,0,0
BRDA:73,2,0,0
BRDA:73,2,1,0
BRDA:76,3,0,0
BRDA:76,3,1,0
BRDA:77,4,0,0
BRDA:77,4,1,0
BRDA:91,5,0,0
BRDA:91,5,1,0
BRDA:97,6,0,0
BRDA:97,6,1,0
BRDA:98,7,0,0
BRDA:98,7,1,0
BRDA:98,7,2,0
BRDA:112,8,0,0
BRDA:112,8,1,0
BRDA:153,9,0,0
BRDA:154,10,0,0
BRDA:155,11,0,0
BRDA:166,12,0,0
BRDA:166,12,1,0
BRDA:181,13,0,0
BRDA:181,13,1,0
BRDA:210,14,0,0
BRDA:210,14,1,0
BRDA:222,15,0,0
BRDA:222,15,1,0
BRDA:222,16,0,0
BRDA:222,16,1,0
BRDA:231,17,0,0
BRDA:231,17,1,0
BRDA:235,18,0,0
BRDA:235,18,1,0
BRDA:235,19,0,0
BRDA:235,19,1,0
BRDA:396,20,0,0
BRDA:399,21,0,0
BRDA:399,21,1,0
BRDA:417,22,0,0
BRDA:420,23,0,0
BRDA:420,23,1,0
BRDA:497,24,0,0
BRDA:498,25,0,0
BRDA:499,26,0,0
BRDA:500,27,0,0
BRDA:509,28,0,0
BRDA:509,28,1,0
BRDA:523,29,0,0
BRDA:523,29,1,0
BRDA:527,30,0,0
BRDA:527,30,1,0
BRDA:539,31,0,0
BRDA:539,31,1,0
BRDA:548,32,0,0
BRDA:549,33,0,0
BRDA:555,34,0,0
BRDA:555,34,1,0
BRDA:569,35,0,0
BRDA:569,35,1,0
BRDA:602,36,0,0
BRDA:619,37,0,0
BRDA:619,37,1,0
BRDA:668,38,0,0
BRDA:669,39,0,0
BRDA:670,40,0,0
BRDA:678,41,0,0
BRDA:678,41,1,0
BRDA:689,42,0,0
BRDA:689,42,1,0
BRDA:690,43,0,0
BRDA:690,43,1,0
BRF:73
BRH:0
end_of_record
TN:
SF:src\components\ui\skeleton.tsx
FN:3,Skeleton
FNF:1
FNH:0
FNDA:0,Skeleton
DA:4,0
LF:1
LH:0
BRF:0
BRH:0
end_of_record
TN:
SF:src\components\ui\table.tsx
FN:5,Table
FN:20,TableHeader
FN:30,TableBody
FN:40,TableFooter
FN:53,TableRow
FN:66,TableHead
FN:79,TableCell
FN:92,TableCaption
FNF:8
FNH:0
FNDA:0,Table
FNDA:0,TableHeader
FNDA:0,TableBody
FNDA:0,TableFooter
FNDA:0,TableRow
FNDA:0,TableHead
FNDA:0,TableCell
FNDA:0,TableCaption
DA:6,0
DA:21,0
DA:31,0
DA:41,0
DA:54,0
DA:67,0
DA:80,0
DA:96,0
LF:8
LH:0
BRF:0
BRH:0
end_of_record
TN:
SF:src\components\ui\tabs.tsx
FN:6,Tabs
FN:19,TabsList
FN:35,TabsTrigger
FN:51,TabsContent
FNF:4
FNH:0
FNDA:0,Tabs
FNDA:0,TabsList
FNDA:0,TabsTrigger
FNDA:0,TabsContent
DA:10,0
DA:23,0
DA:39,0
DA:55,0
LF:4
LH:0
BRF:0
BRH:0
end_of_record
TN:
SF:src\components\ui\tooltip.tsx
FN:6,TooltipProvider
FN:19,Tooltip
FN:29,TooltipTrigger
FN:35,TooltipContent
FNF:4
FNH:0
FNDA:0,TooltipProvider
FNDA:0,Tooltip
FNDA:0,TooltipTrigger
FNDA:0,TooltipContent
DA:10,0
DA:22,0
DA:32,0
DA:41,0
LF:4
LH:0
BRDA:7,0,0,0
BRDA:37,1,0,0
BRF:2
BRH:0
end_of_record
TN:
SF:src\config\api.ts
FN:22,getApiUrl
FN:35,apiFetch
FNF:2
FNH:1
FNDA:2,getApiUrl
FNDA:0,apiFetch
DA:15,1
DA:24,2
DA:26,2
DA:36,0
DA:37,0
LF:5
LH:3
BRDA:15,0,0,1
BRDA:15,0,1,1
BRDA:24,1,0,2
BRDA:24,1,1,0
BRF:4
BRH:3
end_of_record
TN:
SF:src\context\AuthProvider.tsx
FN:6,AuthProvider
FN:11,useAuthContext
FNF:2
FNH:0
FNDA:0,AuthProvider
FNDA:0,useAuthContext
DA:4,0
DA:7,0
DA:8,0
DA:12,0
DA:13,0
DA:14,0
LF:6
LH:0
BRDA:13,0,0,0
BRDA:13,0,1,0
BRF:2
BRH:0
end_of_record
TN:
SF:src\data\mockFamilyData.tsx
FNF:0
FNH:0
DA:19,0
LF:1
LH:0
BRF:0
BRH:0
end_of_record
TN:
SF:src\data\mockQuestsData.tsx
FNF:0
FNH:0
DA:16,0
LF:1
LH:0
BRF:0
BRH:0
end_of_record
TN:
SF:src\hooks\use-mobile.ts
FN:5,useIsMobile
FN:8,(anonymous_1)
FN:10,(anonymous_2)
FN:15,(anonymous_3)
FNF:4
FNH:0
FNDA:0,useIsMobile
FNDA:0,(anonymous_1)
FNDA:0,(anonymous_2)
FNDA:0,(anonymous_3)
DA:3,0
DA:6,0
DA:8,0
DA:9,0
DA:10,0
DA:11,0
DA:13,0
DA:14,0
DA:15,0
DA:18,0
LF:10
LH:0
BRF:0
BRH:0
end_of_record
TN:
SF:src\hooks\useAuth.ts
FN:12,useAuth
FN:19,(anonymous_1)
FN:20,(anonymous_2)
FN:39,(anonymous_3)
FN:65,(anonymous_4)
FN:86,(anonymous_5)
FNF:6
FNH:0
FNDA:0,useAuth
FNDA:0,(anonymous_1)
FNDA:0,(anonymous_2)
FNDA:0,(anonymous_3)
FNDA:0,(anonymous_4)
FNDA:0,(anonymous_5)
DA:13,0
DA:14,0
DA:15,0
DA:16,0
DA:19,0
DA:20,0
DA:21,0
DA:22,0
DA:23,0
DA:24,0
DA:32,0
DA:36,0
DA:39,0
DA:40,0
DA:41,0
DA:42,0
DA:50,0
DA:57,0
DA:59,0
DA:60,0
DA:61,0
DA:65,0
DA:66,0
DA:67,0
DA:68,0
DA:71,0
DA:78,0
DA:80,0
DA:81,0
DA:82,0
DA:86,0
DA:87,0
DA:88,0
DA:91,0
LF:34
LH:0
BRDA:23,0,0,0
BRDA:23,0,1,0
BRDA:59,1,0,0
BRDA:59,1,1,0
BRDA:80,2,0,0
BRDA:80,2,1,0
BRF:6
BRH:0
end_of_record
TN:
SF:src\lib\utils.ts
FN:4,cn
FNF:1
FNH:0
FNDA:0,cn
DA:5,0
LF:1
LH:0
BRF:0
BRH:0
end_of_record
TN:
SF:src\pages\AcceptInvite.tsx
FN:6,(anonymous_0)
FN:14,(anonymous_1)
FN:17,(anonymous_2)
FN:32,(anonymous_3)
FN:55,(anonymous_4)
FN:62,(anonymous_5)
FN:69,(anonymous_6)
FN:77,(anonymous_7)
FN:108,(anonymous_8)
FNF:9
FNH:0
FNDA:0,(anonymous_0)
FNDA:0,(anonymous_1)
FNDA:0,(anonymous_2)
FNDA:0,(anonymous_3)
FNDA:0,(anonymous_4)
FNDA:0,(anonymous_5)
FNDA:0,(anonymous_6)
FNDA:0,(anonymous_7)
FNDA:0,(anonymous_8)
DA:6,0
DA:7,0
DA:8,0
DA:9,0
DA:10,0
DA:11,0
DA:12,0
DA:14,0
DA:15,0
DA:16,0
DA:17,0
DA:18,0
DA:19,0
DA:21,0
DA:22,0
DA:26,0
DA:27,0
DA:31,0
DA:32,0
DA:33,0
DA:35,0
DA:36,0
DA:40,0
DA:41,0
DA:45,0
DA:56,0
DA:57,0
DA:58,0
DA:60,0
DA:62,0
DA:63,0
DA:64,0
DA:66,0
DA:70,0
DA:71,0
DA:73,0
DA:77,0
DA:78,0
DA:81,0
DA:108,0
LF:40
LH:0
BRDA:16,0,0,0
BRDA:16,0,1,0
BRDA:26,1,0,0
BRDA:26,1,1,0
BRDA:31,2,0,0
BRDA:31,2,1,0
BRDA:40,3,0,0
BRDA:40,3,1,0
BRDA:56,4,0,0
BRDA:56,4,1,0
BRDA:64,5,0,0
BRDA:64,5,1,0
BRDA:84,6,0,0
BRDA:84,6,1,0
BRDA:85,7,0,0
BRDA:85,7,1,0
BRDA:104,8,0,0
BRDA:104,8,1,0
BRDA:123,9,0,0
BRDA:123,9,1,0
BRF:20
BRH:0
end_of_record
TN:
SF:src\pages\Auth.tsx
FN:6,Auth
FN:35,(anonymous_1)
FN:48,(anonymous_2)
FN:125,(anonymous_3)
FN:155,(anonymous_4)
FN:174,(anonymous_5)
FN:205,(anonymous_6)
FN:216,(anonymous_7)
FN:217,(anonymous_8)
FN:228,(anonymous_9)
FN:239,(anonymous_10)
FN:240,(anonymous_11)
FN:252,(anonymous_12)
FN:263,(anonymous_13)
FN:264,(anonymous_14)
FN:275,(anonymous_15)
FN:286,(anonymous_16)
FN:287,(anonymous_17)
FN:316,(anonymous_18)
FN:320,(anonymous_19)
FN:338,(anonymous_20)
FN:349,(anonymous_21)
FN:350,(anonymous_22)
FN:361,(anonymous_23)
FN:372,(anonymous_24)
FN:373,(anonymous_25)
FN:402,(anonymous_26)
FN:406,(anonymous_27)
FNF:28
FNH:2
FNDA:1,Auth
FNDA:0,(anonymous_1)
FNDA:0,(anonymous_2)
FNDA:4,(anonymous_3)
FNDA:0,(anonymous_4)
FNDA:0,(anonymous_5)
FNDA:0,(anonymous_6)
FNDA:0,(anonymous_7)
FNDA:0,(anonymous_8)
FNDA:0,(anonymous_9)
FNDA:0,(anonymous_10)
FNDA:0,(anonymous_11)
FNDA:0,(anonymous_12)
FNDA:0,(anonymous_13)
FNDA:0,(anonymous_14)
FNDA:0,(anonymous_15)
FNDA:0,(anonymous_16)
FNDA:0,(anonymous_17)
FNDA:0,(anonymous_18)
FNDA:0,(anonymous_19)
FNDA:0,(anonymous_20)
FNDA:0,(anonymous_21)
FNDA:0,(anonymous_22)
FNDA:0,(anonymous_23)
FNDA:0,(anonymous_24)
FNDA:0,(anonymous_25)
FNDA:0,(anonymous_26)
FNDA:0,(anonymous_27)
DA:8,1
DA:9,1
DA:10,1
DA:11,1
DA:12,1
DA:13,1
DA:14,1
DA:23,1
DA:25,1
DA:27,1
DA:28,0
DA:29,0
DA:30,0
DA:32,0
DA:35,1
DA:36,0
DA:37,0
DA:38,0
DA:39,0
DA:40,0
DA:41,0
DA:43,0
DA:48,1
DA:49,0
DA:50,0
DA:51,0
DA:52,0
DA:53,0
DA:54,0
DA:56,0
DA:61,1
DA:126,4
DA:155,0
DA:174,0
DA:205,0
DA:216,0
DA:217,0
DA:228,0
DA:239,0
DA:240,0
DA:252,0
DA:263,0
DA:264,0
DA:275,0
DA:286,0
DA:287,0
DA:317,0
DA:318,0
DA:321,0
DA:322,0
DA:338,0
DA:349,0
DA:350,0
DA:361,0
DA:372,0
DA:373,0
DA:403,0
DA:404,0
DA:407,0
DA:408,0
LF:60
LH:14
BRDA:27,0,0,0
BRDA:27,0,1,1
BRDA:29,1,0,0
BRDA:29,1,1,0
BRDA:38,2,0,0
BRDA:38,2,1,0
BRDA:40,3,0,0
BRDA:40,3,1,0
BRDA:51,4,0,0
BRDA:51,4,1,0
BRDA:53,5,0,0
BRDA:53,5,1,0
BRDA:161,6,0,1
BRDA:161,6,1,0
BRDA:162,7,0,1
BRDA:162,7,1,0
BRDA:180,8,0,0
BRDA:180,8,1,1
BRDA:181,9,0,0
BRDA:181,9,1,1
BRDA:194,10,0,1
BRDA:194,10,1,0
BRDA:290,11,0,1
BRDA:290,11,1,0
BRDA:376,12,0,0
BRDA:376,12,1,0
BRF:26
BRH:7
end_of_record
TN:
SF:src\pages\Budgets.tsx
FN:47,Budgets
FN:67,(anonymous_1)
FN:70,(anonymous_2)
FN:71,(anonymous_3)
FN:77,(anonymous_4)
FN:84,(anonymous_5)
FN:85,(anonymous_6)
FN:86,(anonymous_7)
FN:87,(anonymous_8)
FN:95,(anonymous_9)
FN:114,(anonymous_10)
FN:115,(anonymous_11)
FN:126,(anonymous_12)
FN:131,(anonymous_13)
FN:132,(anonymous_14)
FN:150,(anonymous_15)
FN:151,(anonymous_16)
FN:155,(anonymous_17)
FN:157,(anonymous_18)
FN:159,(anonymous_19)
FN:192,(anonymous_20)
FN:206,(anonymous_21)
FN:235,(anonymous_22)
FN:257,(anonymous_23)
FN:267,(anonymous_24)
FN:285,(anonymous_25)
FN:286,(anonymous_26)
FN:297,(anonymous_27)
FN:301,(anonymous_28)
FN:312,(anonymous_29)
FN:318,(anonymous_30)
FN:318,(anonymous_31)
FN:376,(anonymous_32)
FN:391,(anonymous_33)
FN:394,(anonymous_34)
FNF:35
FNH:0
FNDA:0,Budgets
FNDA:0,(anonymous_1)
FNDA:0,(anonymous_2)
FNDA:0,(anonymous_3)
FNDA:0,(anonymous_4)
FNDA:0,(anonymous_5)
FNDA:0,(anonymous_6)
FNDA:0,(anonymous_7)
FNDA:0,(anonymous_8)
FNDA:0,(anonymous_9)
FNDA:0,(anonymous_10)
FNDA:0,(anonymous_11)
FNDA:0,(anonymous_12)
FNDA:0,(anonymous_13)
FNDA:0,(anonymous_14)
FNDA:0,(anonymous_15)
FNDA:0,(anonymous_16)
FNDA:0,(anonymous_17)
FNDA:0,(anonymous_18)
FNDA:0,(anonymous_19)
FNDA:0,(anonymous_20)
FNDA:0,(anonymous_21)
FNDA:0,(anonymous_22)
FNDA:0,(anonymous_23)
FNDA:0,(anonymous_24)
FNDA:0,(anonymous_25)
FNDA:0,(anonymous_26)
FNDA:0,(anonymous_27)
FNDA:0,(anonymous_28)
FNDA:0,(anonymous_29)
FNDA:0,(anonymous_30)
FNDA:0,(anonymous_31)
FNDA:0,(anonymous_32)
FNDA:0,(anonymous_33)
FNDA:0,(anonymous_34)
DA:48,0
DA:49,0
DA:50,0
DA:51,0
DA:52,0
DA:53,0
DA:54,0
DA:57,0
DA:58,0
DA:59,0
DA:60,0
DA:63,0
DA:64,0
DA:65,0
DA:67,0
DA:68,0
DA:69,0
DA:70,0
DA:72,0
DA:73,0
DA:77,0
DA:78,0
DA:79,0
DA:80,0
DA:81,0
DA:82,0
DA:83,0
DA:84,0
DA:85,0
DA:86,0
DA:88,0
DA:89,0
DA:90,0
DA:91,0
DA:95,0
DA:96,0
DA:97,0
DA:98,0
DA:99,0
DA:100,0
DA:101,0
DA:106,0
DA:107,0
DA:108,0
DA:110,0
DA:111,0
DA:112,0
DA:113,0
DA:114,0
DA:115,0
DA:117,0
DA:118,0
DA:120,0
DA:122,0
DA:126,0
DA:127,0
DA:128,0
DA:129,0
DA:130,0
DA:131,0
DA:132,0
DA:133,0
DA:134,0
DA:135,0
DA:136,0
DA:147,0
DA:149,0
DA:150,0
DA:151,0
DA:153,0
DA:154,0
DA:155,0
DA:157,0
DA:159,0
DA:163,0
DA:164,0
DA:167,0
DA:192,0
DA:207,0
DA:235,0
DA:257,0
DA:267,0
DA:286,0
DA:287,0
DA:298,0
DA:299,0
DA:302,0
DA:303,0
DA:312,0
DA:318,0
DA:378,0
DA:382,0
DA:383,0
DA:385,0
DA:392,0
DA:395,0
LF:96
LH:0
BRDA:68,0,0,0
BRDA:68,0,1,0
BRDA:73,1,0,0
BRDA:73,1,1,0
BRDA:78,2,0,0
BRDA:78,2,1,0
BRDA:97,3,0,0
BRDA:97,3,1,0
BRDA:106,4,0,0
BRDA:106,4,1,0
BRDA:120,5,0,0
BRDA:120,5,1,0
BRDA:127,6,0,0
BRDA:127,6,1,0
BRDA:135,7,0,0
BRDA:135,7,1,0
BRDA:135,8,0,0
BRDA:135,8,1,0
BRDA:147,9,0,0
BRDA:147,9,1,0
BRDA:157,10,0,0
BRDA:157,10,1,0
BRDA:163,11,0,0
BRDA:163,11,1,0
BRDA:175,12,0,0
BRDA:175,12,1,0
BRDA:191,13,0,0
BRDA:191,13,1,0
BRDA:213,14,0,0
BRDA:213,14,1,0
BRDA:217,15,0,0
BRDA:217,15,1,0
BRDA:230,16,0,0
BRDA:230,16,1,0
BRDA:255,17,0,0
BRDA:255,17,1,0
BRDA:264,18,0,0
BRDA:264,18,1,0
BRDA:282,19,0,0
BRDA:282,19,1,0
BRDA:309,20,0,0
BRDA:309,20,1,0
BRDA:317,21,0,0
BRDA:317,21,1,0
BRDA:332,22,0,0
BRDA:332,22,1,0
BRDA:332,22,2,0
BRDA:342,23,0,0
BRDA:342,23,1,0
BRDA:342,24,0,0
BRDA:342,24,1,0
BRDA:345,25,0,0
BRDA:345,25,1,0
BRDA:354,26,0,0
BRDA:354,26,1,0
BRDA:354,26,2,0
BRDA:378,27,0,0
BRDA:378,27,1,0
BRDA:378,28,0,0
BRDA:378,28,1,0
BRDA:378,28,2,0
BRDA:379,29,0,0
BRDA:379,29,1,0
BRDA:383,30,0,0
BRDA:383,30,1,0
BRDA:383,31,0,0
BRDA:383,31,1,0
BRDA:388,32,0,0
BRDA:388,32,1,0
BRDA:395,33,0,0
BRDA:395,33,1,0
BRDA:399,34,0,0
BRDA:399,34,1,0
BRDA:402,35,0,0
BRDA:402,35,1,0
BRF:75
BRH:0
end_of_record
TN:
SF:src\pages\Dashboard.tsx
FN:42,Dashboard
FN:60,(anonymous_1)
FN:63,(anonymous_2)
FN:64,(anonymous_3)
FN:70,(anonymous_4)
FN:77,(anonymous_5)
FN:78,(anonymous_6)
FN:79,(anonymous_7)
FN:86,(anonymous_8)
FN:111,(anonymous_9)
FN:115,(anonymous_10)
FN:119,(anonymous_11)
FN:132,(anonymous_12)
FN:173,(anonymous_13)
FN:183,(anonymous_14)
FN:212,(anonymous_15)
FN:226,(anonymous_16)
FN:234,(anonymous_17)
FN:251,(anonymous_18)
FN:281,(anonymous_19)
FN:285,(anonymous_20)
FN:303,(anonymous_21)
FN:307,(anonymous_22)
FN:327,(anonymous_23)
FN:331,(anonymous_24)
FN:372,(anonymous_25)
FN:457,(anonymous_26)
FNF:27
FNH:5
FNDA:2,Dashboard
FNDA:2,(anonymous_1)
FNDA:2,(anonymous_2)
FNDA:2,(anonymous_3)
FNDA:1,(anonymous_4)
FNDA:0,(anonymous_5)
FNDA:0,(anonymous_6)
FNDA:0,(anonymous_7)
FNDA:0,(anonymous_8)
FNDA:0,(anonymous_9)
FNDA:0,(anonymous_10)
FNDA:0,(anonymous_11)
FNDA:0,(anonymous_12)
FNDA:0,(anonymous_13)
FNDA:0,(anonymous_14)
FNDA:0,(anonymous_15)
FNDA:0,(anonymous_16)
FNDA:0,(anonymous_17)
FNDA:0,(anonymous_18)
FNDA:0,(anonymous_19)
FNDA:0,(anonymous_20)
FNDA:0,(anonymous_21)
FNDA:0,(anonymous_22)
FNDA:0,(anonymous_23)
FNDA:0,(anonymous_24)
FNDA:0,(anonymous_25)
FNDA:0,(anonymous_26)
DA:43,2
DA:44,2
DA:45,2
DA:46,2
DA:47,2
DA:48,2
DA:49,2
DA:50,2
DA:51,2
DA:52,2
DA:55,2
DA:56,2
DA:57,2
DA:58,2
DA:60,2
DA:61,2
DA:62,2
DA:63,2
DA:65,2
DA:66,2
DA:70,2
DA:71,1
DA:72,0
DA:73,0
DA:74,0
DA:75,0
DA:76,0
DA:77,0
DA:78,0
DA:80,0
DA:81,0
DA:82,0
DA:86,2
DA:87,0
DA:88,0
DA:89,0
DA:90,0
DA:91,0
DA:92,0
DA:100,0
DA:101,0
DA:102,0
DA:103,0
DA:105,0
DA:107,0
DA:111,2
DA:112,0
DA:113,0
DA:114,0
DA:115,0
DA:119,2
DA:120,0
DA:121,0
DA:122,0
DA:123,0
DA:124,0
DA:129,0
DA:130,0
DA:131,0
DA:132,0
DA:133,0
DA:134,0
DA:136,0
DA:138,0
DA:142,2
DA:143,0
DA:146,2
DA:147,2
DA:149,2
DA:173,0
DA:183,0
DA:212,0
DA:227,0
DA:234,0
DA:251,0
DA:282,0
DA:283,0
DA:286,0
DA:287,0
DA:304,0
DA:305,0
DA:308,0
DA:309,0
DA:328,0
DA:329,0
DA:332,0
DA:333,0
DA:374,0
DA:378,0
DA:379,0
DA:381,0
DA:458,0
LF:92
LH:29
BRDA:61,0,0,0
BRDA:61,0,1,2
BRDA:66,1,0,0
BRDA:66,1,1,2
BRDA:71,2,0,1
BRDA:71,2,1,0
BRDA:87,3,0,0
BRDA:87,3,1,0
BRDA:87,4,0,0
BRDA:87,4,1,0
BRDA:100,5,0,0
BRDA:100,5,1,0
BRDA:105,6,0,0
BRDA:105,6,1,0
BRDA:112,7,0,0
BRDA:112,7,1,0
BRDA:129,8,0,0
BRDA:129,8,1,0
BRDA:134,9,0,0
BRDA:134,9,1,0
BRDA:136,10,0,0
BRDA:136,10,1,0
BRDA:142,11,0,0
BRDA:142,11,1,2
BRDA:156,12,0,2
BRDA:156,12,1,0
BRDA:181,13,0,0
BRDA:181,13,1,0
BRDA:187,14,0,0
BRDA:187,14,1,0
BRDA:192,15,0,2
BRDA:192,15,1,2
BRDA:192,15,2,0
BRDA:211,16,0,0
BRDA:211,16,1,0
BRDA:242,17,0,2
BRDA:242,17,1,2
BRDA:242,17,2,2
BRDA:257,18,0,2
BRDA:257,18,1,0
BRDA:257,18,2,0
BRDA:258,19,0,0
BRDA:258,19,1,0
BRDA:265,20,0,0
BRDA:265,20,1,0
BRDA:314,21,0,0
BRDA:314,21,1,0
BRDA:345,22,0,0
BRDA:345,22,1,0
BRDA:345,22,2,0
BRDA:374,23,0,0
BRDA:374,23,1,0
BRDA:374,24,0,0
BRDA:374,24,1,0
BRDA:374,24,2,0
BRDA:375,25,0,0
BRDA:375,25,1,0
BRDA:379,26,0,0
BRDA:379,26,1,0
BRDA:379,27,0,0
BRDA:379,27,1,0
BRDA:391,28,0,0
BRDA:391,28,1,0
BRDA:412,29,0,0
BRDA:412,29,1,0
BRDA:413,30,0,0
BRDA:413,30,1,0
BRDA:414,31,0,0
BRDA:414,31,1,0
BRDA:453,32,0,0
BRDA:453,32,1,0
BRDA:468,33,0,0
BRDA:468,33,1,0
BRDA:494,34,0,0
BRDA:494,34,1,0
BRDA:502,35,0,0
BRDA:502,35,1,0
BRDA:527,36,0,0
BRDA:527,36,1,0
BRDA:537,37,0,0
BRDA:537,37,1,0
BRDA:541,38,0,0
BRDA:541,38,1,0
BRF:83
BRH:11
end_of_record
TN:
SF:src\pages\Expenses.tsx
FN:57,Expenses
FN:71,(anonymous_1)
FN:74,(anonymous_2)
FN:75,(anonymous_3)
FN:84,(anonymous_4)
FN:85,(anonymous_5)
FN:90,(anonymous_6)
FN:93,(anonymous_7)
FN:104,(anonymous_8)
FN:132,(anonymous_9)
FN:133,(anonymous_10)
FN:144,(anonymous_11)
FN:147,(anonymous_12)
FN:163,(anonymous_13)
FN:171,(anonymous_14)
FN:201,(anonymous_15)
FN:214,(anonymous_16)
FN:243,(anonymous_17)
FN:254,(anonymous_18)
FN:279,(anonymous_19)
FN:289,(anonymous_20)
FN:299,(anonymous_21)
FN:309,(anonymous_22)
FN:329,(anonymous_23)
FN:342,(anonymous_24)
FN:380,(anonymous_25)
FN:389,(anonymous_26)
FN:406,(anonymous_27)
FN:410,(anonymous_28)
FN:422,(anonymous_29)
FN:426,(anonymous_30)
FN:452,(anonymous_31)
FN:466,(anonymous_32)
FN:493,(anonymous_33)
FN:520,(anonymous_34)
FN:553,(anonymous_35)
FN:554,(anonymous_36)
FN:555,(anonymous_37)
FN:568,(anonymous_38)
FN:571,(anonymous_39)
FN:671,(anonymous_40)
FN:687,(anonymous_41)
FN:712,(anonymous_42)
FN:735,(anonymous_43)
FN:761,(anonymous_44)
FNF:45
FNH:11
FNDA:9,Expenses
FNDA:3,(anonymous_1)
FNDA:3,(anonymous_2)
FNDA:3,(anonymous_3)
FNDA:3,(anonymous_4)
FNDA:3,(anonymous_5)
FNDA:6,(anonymous_6)
FNDA:6,(anonymous_7)
FNDA:0,(anonymous_8)
FNDA:0,(anonymous_9)
FNDA:0,(anonymous_10)
FNDA:0,(anonymous_11)
FNDA:0,(anonymous_12)
FNDA:0,(anonymous_13)
FNDA:0,(anonymous_14)
FNDA:0,(anonymous_15)
FNDA:45,(anonymous_16)
FNDA:0,(anonymous_17)
FNDA:0,(anonymous_18)
FNDA:0,(anonymous_19)
FNDA:108,(anonymous_20)
FNDA:0,(anonymous_21)
FNDA:45,(anonymous_22)
FNDA:0,(anonymous_23)
FNDA:0,(anonymous_24)
FNDA:0,(anonymous_25)
FNDA:0,(anonymous_26)
FNDA:0,(anonymous_27)
FNDA:0,(anonymous_28)
FNDA:0,(anonymous_29)
FNDA:0,(anonymous_30)
FNDA:0,(anonymous_31)
FNDA:0,(anonymous_32)
FNDA:0,(anonymous_33)
FNDA:0,(anonymous_34)
FNDA:0,(anonymous_35)
FNDA:0,(anonymous_36)
FNDA:0,(anonymous_37)
FNDA:0,(anonymous_38)
FNDA:0,(anonymous_39)
FNDA:0,(anonymous_40)
FNDA:0,(anonymous_41)
FNDA:0,(anonymous_42)
FNDA:0,(anonymous_43)
FNDA:0,(anonymous_44)
DA:58,9
DA:59,9
DA:60,9
DA:61,9
DA:62,9
DA:63,9
DA:64,9
DA:65,9
DA:66,9
DA:67,9
DA:68,9
DA:69,9
DA:71,9
DA:72,3
DA:73,3
DA:74,3
DA:76,3
DA:77,3
DA:82,9
DA:84,9
DA:85,3
DA:86,3
DA:90,9
DA:91,6
DA:93,6
DA:94,6
DA:95,6
DA:97,6
DA:99,6
DA:100,0
DA:101,0
DA:104,0
DA:105,0
DA:106,0
DA:109,0
DA:113,6
DA:114,6
DA:115,6
DA:116,6
DA:119,6
DA:121,0
DA:125,6
DA:128,9
DA:129,0
DA:132,9
DA:133,0
DA:134,0
DA:135,0
DA:136,0
DA:138,0
DA:140,0
DA:144,9
DA:145,0
DA:147,0
DA:148,0
DA:149,0
DA:150,0
DA:152,0
DA:154,0
DA:158,0
DA:159,0
DA:160,0
DA:161,0
DA:162,0
DA:163,0
DA:166,0
DA:171,9
DA:172,0
DA:174,0
DA:175,0
DA:176,0
DA:180,0
DA:183,0
DA:186,0
DA:187,0
DA:188,0
DA:189,0
DA:190,0
DA:193,0
DA:194,0
DA:196,0
DA:197,0
DA:201,9
DA:202,0
DA:209,9
DA:214,45
DA:216,9
DA:243,0
DA:255,0
DA:279,0
DA:290,108
DA:299,0
DA:310,45
DA:329,0
DA:342,0
DA:380,0
DA:389,0
DA:406,0
DA:411,0
DA:423,0
DA:424,0
DA:427,0
DA:428,0
DA:452,0
DA:466,0
DA:494,0
DA:521,0
DA:553,0
DA:555,0
DA:556,0
DA:569,0
DA:572,0
DA:671,0
DA:687,0
DA:713,0
DA:714,0
DA:716,0
DA:736,0
DA:762,0
LF:119
LH:45
BRDA:72,0,0,0
BRDA:72,0,1,3
BRDA:77,1,0,3
BRDA:77,1,1,0
BRDA:91,2,0,0
BRDA:91,2,1,6
BRDA:94,3,0,6
BRDA:94,3,1,0
BRDA:99,4,0,0
BRDA:99,4,1,6
BRDA:99,5,0,6
BRDA:99,5,1,0
BRDA:105,6,0,0
BRDA:105,6,1,0
BRDA:106,7,0,0
BRDA:106,7,1,0
BRDA:113,8,0,6
BRDA:113,8,1,0
BRDA:128,9,0,0
BRDA:128,9,1,9
BRDA:135,10,0,0
BRDA:135,10,1,0
BRDA:145,11,0,0
BRDA:145,11,1,0
BRDA:149,12,0,0
BRDA:149,12,1,0
BRDA:158,13,0,0
BRDA:158,13,1,0
BRDA:161,14,0,0
BRDA:161,14,1,0
BRDA:175,15,0,0
BRDA:175,15,1,0
BRDA:188,16,0,0
BRDA:188,16,1,0
BRDA:224,17,0,9
BRDA:224,17,1,0
BRDA:224,17,2,0
BRDA:242,18,0,0
BRDA:242,18,1,0
BRDA:328,19,0,9
BRDA:328,19,1,0
BRDA:335,20,0,9
BRDA:335,20,1,0
BRDA:341,21,0,0
BRDA:341,21,1,9
BRDA:348,22,0,0
BRDA:348,22,1,9
BRDA:353,23,0,9
BRDA:353,23,1,0
BRDA:353,23,2,0
BRDA:353,23,3,9
BRDA:356,24,0,3
BRDA:356,24,1,6
BRDA:372,25,0,0
BRDA:372,25,1,6
BRDA:380,26,0,0
BRDA:380,26,1,0
BRDA:399,27,0,0
BRDA:399,27,1,6
BRDA:406,28,0,0
BRDA:406,28,1,0
BRDA:408,29,0,0
BRDA:408,29,1,0
BRDA:436,30,0,0
BRDA:436,30,1,0
BRDA:440,31,0,0
BRDA:440,31,1,0
BRDA:443,32,0,0
BRDA:443,32,1,0
BRDA:446,33,0,0
BRDA:446,33,1,0
BRDA:462,34,0,0
BRDA:462,34,1,0
BRDA:487,35,0,0
BRDA:487,35,1,0
BRDA:487,35,2,0
BRDA:487,35,3,0
BRDA:515,36,0,0
BRDA:515,36,1,0
BRDA:515,36,2,0
BRDA:550,37,0,0
BRDA:550,37,1,6
BRDA:555,38,0,0
BRDA:555,38,1,0
BRDA:585,39,0,0
BRDA:585,39,1,0
BRDA:628,40,0,0
BRDA:628,40,1,0
BRDA:667,41,0,0
BRDA:667,41,1,0
BRDA:682,42,0,0
BRDA:682,42,1,0
BRDA:684,43,0,0
BRDA:684,43,1,0
BRDA:710,44,0,0
BRDA:710,44,1,0
BRDA:710,44,2,0
BRDA:710,44,3,0
BRDA:714,45,0,0
BRDA:714,45,1,0
BRDA:723,46,0,0
BRDA:723,46,1,0
BRDA:724,47,0,0
BRDA:724,47,1,0
BRDA:725,48,0,0
BRDA:725,48,1,0
BRDA:729,49,0,0
BRDA:729,49,1,0
BRDA:729,49,2,0
BRDA:756,50,0,0
BRDA:756,50,1,0
BRDA:756,50,2,0
BRF:112
BRH:20
end_of_record
TN:
SF:src\pages\Family.tsx
FN:25,Family
FN:38,(anonymous_1)
FN:42,(anonymous_2)
FN:43,(anonymous_3)
FN:48,(anonymous_4)
FN:51,(anonymous_5)
FN:54,(anonymous_6)
FN:55,(anonymous_7)
FN:56,(anonymous_8)
FN:59,(anonymous_9)
FN:67,(anonymous_10)
FN:77,(anonymous_11)
FN:83,(anonymous_12)
FN:103,(anonymous_13)
FN:115,(anonymous_14)
FN:121,(anonymous_15)
FN:136,(anonymous_16)
FN:168,(anonymous_17)
FN:195,(anonymous_18)
FN:207,(anonymous_19)
FN:249,(anonymous_20)
FN:261,(anonymous_21)
FN:267,(anonymous_22)
FN:297,(anonymous_23)
FN:311,(anonymous_24)
FN:316,(anonymous_25)
FN:371,(anonymous_26)
FN:387,(anonymous_27)
FN:393,(anonymous_28)
FN:455,(anonymous_29)
FN:537,(anonymous_30)
FNF:31
FNH:0
FNDA:0,Family
FNDA:0,(anonymous_1)
FNDA:0,(anonymous_2)
FNDA:0,(anonymous_3)
FNDA:0,(anonymous_4)
FNDA:0,(anonymous_5)
FNDA:0,(anonymous_6)
FNDA:0,(anonymous_7)
FNDA:0,(anonymous_8)
FNDA:0,(anonymous_9)
FNDA:0,(anonymous_10)
FNDA:0,(anonymous_11)
FNDA:0,(anonymous_12)
FNDA:0,(anonymous_13)
FNDA:0,(anonymous_14)
FNDA:0,(anonymous_15)
FNDA:0,(anonymous_16)
FNDA:0,(anonymous_17)
FNDA:0,(anonymous_18)
FNDA:0,(anonymous_19)
FNDA:0,(anonymous_20)
FNDA:0,(anonymous_21)
FNDA:0,(anonymous_22)
FNDA:0,(anonymous_23)
FNDA:0,(anonymous_24)
FNDA:0,(anonymous_25)
FNDA:0,(anonymous_26)
FNDA:0,(anonymous_27)
FNDA:0,(anonymous_28)
FNDA:0,(anonymous_29)
FNDA:0,(anonymous_30)
DA:26,0
DA:27,0
DA:28,0
DA:29,0
DA:30,0
DA:31,0
DA:32,0
DA:33,0
DA:34,0
DA:35,0
DA:36,0
DA:38,0
DA:39,0
DA:40,0
DA:41,0
DA:42,0
DA:44,0
DA:45,0
DA:46,0
DA:48,0
DA:51,0
DA:52,0
DA:53,0
DA:54,0
DA:55,0
DA:56,0
DA:59,0
DA:60,0
DA:62,0
DA:63,0
DA:65,0
DA:67,0
DA:68,0
DA:69,0
DA:72,0
DA:76,0
DA:77,0
DA:78,0
DA:82,0
DA:83,0
DA:85,0
DA:87,0
DA:88,0
DA:90,0
DA:92,0
DA:95,0
DA:97,0
DA:99,0
DA:103,0
DA:104,0
DA:106,0
DA:107,0
DA:109,0
DA:110,0
DA:114,0
DA:115,0
DA:116,0
DA:120,0
DA:121,0
DA:123,0
DA:124,0
DA:126,0
DA:128,0
DA:132,0
DA:133,0
DA:136,0
DA:137,0
DA:139,0
DA:168,0
DA:195,0
DA:208,0
DA:249,0
DA:262,0
DA:263,0
DA:264,0
DA:265,0
DA:268,0
DA:269,0
DA:270,0
DA:271,0
DA:298,0
DA:312,0
DA:313,0
DA:314,0
DA:317,0
DA:318,0
DA:319,0
DA:372,0
DA:373,0
DA:388,0
DA:389,0
DA:390,0
DA:391,0
DA:394,0
DA:395,0
DA:396,0
DA:397,0
DA:456,0
DA:457,0
DA:538,0
DA:539,0
LF:101
LH:0
BRDA:39,0,0,0
BRDA:39,0,1,0
BRDA:45,1,0,0
BRDA:45,1,1,0
BRDA:52,2,0,0
BRDA:52,2,1,0
BRDA:60,3,0,0
BRDA:60,3,1,0
BRDA:60,4,0,0
BRDA:60,4,1,0
BRDA:68,5,0,0
BRDA:68,5,1,0
BRDA:76,6,0,0
BRDA:76,6,1,0
BRDA:78,7,0,0
BRDA:78,7,1,0
BRDA:87,8,0,0
BRDA:87,8,1,0
BRDA:97,9,0,0
BRDA:97,9,1,0
BRDA:104,10,0,0
BRDA:104,10,1,0
BRDA:104,11,0,0
BRDA:104,11,1,0
BRDA:114,12,0,0
BRDA:114,12,1,0
BRDA:116,13,0,0
BRDA:116,13,1,0
BRDA:126,14,0,0
BRDA:126,14,1,0
BRDA:132,15,0,0
BRDA:132,15,1,0
BRDA:156,16,0,0
BRDA:156,16,1,0
BRDA:194,17,0,0
BRDA:194,17,1,0
BRDA:214,18,0,0
BRDA:214,18,1,0
BRDA:236,19,0,0
BRDA:236,19,1,0
BRDA:243,20,0,0
BRDA:243,20,1,0
BRDA:246,21,0,0
BRDA:246,21,1,0
BRDA:292,22,0,0
BRDA:292,22,1,0
BRDA:294,23,0,0
BRDA:294,23,1,0
BRDA:324,24,0,0
BRDA:324,24,1,0
BRDA:324,24,2,0
BRDA:325,25,0,0
BRDA:325,25,1,0
BRDA:339,26,0,0
BRDA:339,26,1,0
BRDA:368,27,0,0
BRDA:368,27,1,0
BRDA:368,27,2,0
BRDA:412,28,0,0
BRDA:412,28,1,0
BRDA:440,29,0,0
BRDA:440,29,1,0
BRDA:483,30,0,0
BRDA:483,30,1,0
BRDA:484,31,0,0
BRDA:484,31,1,0
BRDA:487,32,0,0
BRDA:487,32,1,0
BRDA:495,33,0,0
BRDA:495,33,1,0
BRDA:520,34,0,0
BRDA:520,34,1,0
BRDA:522,35,0,0
BRDA:522,35,1,0
BRDA:565,36,0,0
BRDA:565,36,1,0
BRDA:566,37,0,0
BRDA:566,37,1,0
BRDA:569,38,0,0
BRDA:569,38,1,0
BRF:80
BRH:0
end_of_record
TN:
SF:src\pages\Leaderboard.tsx
FN:22,Leaderboard
FN:41,(anonymous_1)
FN:43,(anonymous_2)
FN:62,(anonymous_3)
FN:64,(anonymous_4)
FN:80,(anonymous_5)
FN:82,(anonymous_6)
FN:98,(anonymous_7)
FN:100,(anonymous_8)
FN:132,(anonymous_9)
FNF:10
FNH:0
FNDA:0,Leaderboard
FNDA:0,(anonymous_1)
FNDA:0,(anonymous_2)
FNDA:0,(anonymous_3)
FNDA:0,(anonymous_4)
FNDA:0,(anonymous_5)
FNDA:0,(anonymous_6)
FNDA:0,(anonymous_7)
FNDA:0,(anonymous_8)
FNDA:0,(anonymous_9)
DA:23,0
DA:24,0
DA:25,0
DA:26,0
DA:29,0
DA:32,0
DA:35,0
DA:38,0
DA:41,0
DA:42,0
DA:43,0
DA:44,0
DA:45,0
DA:48,0
DA:49,0
DA:50,0
DA:51,0
DA:53,0
DA:55,0
DA:58,0
DA:62,0
DA:63,0
DA:64,0
DA:65,0
DA:66,0
DA:69,0
DA:70,0
DA:71,0
DA:73,0
DA:76,0
DA:80,0
DA:81,0
DA:82,0
DA:83,0
DA:84,0
DA:87,0
DA:88,0
DA:89,0
DA:91,0
DA:94,0
DA:98,0
DA:99,0
DA:100,0
DA:101,0
DA:102,0
DA:105,0
DA:106,0
DA:107,0
DA:109,0
DA:112,0
DA:115,0
DA:116,0
DA:118,0
DA:133,0
LF:54
LH:0
BRDA:24,0,0,0
BRDA:24,0,1,0
BRDA:42,1,0,0
BRDA:42,1,1,0
BRDA:48,2,0,0
BRDA:48,2,1,0
BRDA:51,3,0,0
BRDA:51,3,1,0
BRDA:63,4,0,0
BRDA:63,4,1,0
BRDA:63,5,0,0
BRDA:63,5,1,0
BRDA:69,6,0,0
BRDA:69,6,1,0
BRDA:71,7,0,0
BRDA:71,7,1,0
BRDA:81,8,0,0
BRDA:81,8,1,0
BRDA:87,9,0,0
BRDA:87,9,1,0
BRDA:89,10,0,0
BRDA:89,10,1,0
BRDA:99,11,0,0
BRDA:99,11,1,0
BRDA:105,12,0,0
BRDA:105,12,1,0
BRDA:107,13,0,0
BRDA:107,13,1,0
BRDA:115,14,0,0
BRDA:115,14,1,0
BRDA:116,15,0,0
BRDA:116,15,1,0
BRDA:123,16,0,0
BRDA:123,16,1,0
BRDA:142,17,0,0
BRDA:142,17,1,0
BRDA:142,17,2,0
BRF:37
BRH:0
end_of_record
TN:
SF:src\pages\Profile.tsx
FN:5,Profile
FNF:1
FNH:0
FNDA:0,Profile
DA:6,0
DA:8,0
DA:9,0
DA:12,0
DA:14,0
LF:5
LH:0
BRDA:8,0,0,0
BRDA:8,0,1,0
BRF:2
BRH:0
end_of_record
TN:
SF:src\pages\ReceiptScanner.tsx
FN:3,ReceiptScanner
FNF:1
FNH:0
FNDA:0,ReceiptScanner
DA:4,0
LF:1
LH:0
BRF:0
BRH:0
end_of_record
TN:
SF:src\routes\RequireAuth.tsx
FN:5,RequireAuth
FNF:1
FNH:0
FNDA:0,RequireAuth
DA:6,0
DA:7,0
DA:10,0
DA:11,0
DA:24,0
DA:26,0
LF:6
LH:0
BRDA:10,0,0,0
BRDA:10,0,1,0
BRDA:24,1,0,0
BRDA:24,1,1,0
BRF:4
BRH:0
end_of_record
TN:
SF:src\services\authService.ts
FN:31,(anonymous_0)
FN:42,(anonymous_1)
FN:53,(anonymous_2)
FN:64,(anonymous_3)
FN:76,(anonymous_4)
FN:104,(anonymous_5)
FNF:6
FNH:0
FNDA:0,(anonymous_0)
FNDA:0,(anonymous_1)
FNDA:0,(anonymous_2)
FNDA:0,(anonymous_3)
FNDA:0,(anonymous_4)
FNDA:0,(anonymous_5)
DA:32,0
DA:41,0
DA:42,0
DA:43,0
DA:46,0
DA:54,0
DA:63,0
DA:64,0
DA:65,0
DA:68,0
DA:77,0
DA:78,0
DA:84,0
DA:85,0
DA:88,0
DA:90,0
DA:93,0
DA:96,0
DA:105,0
DA:106,0
DA:116,0
LF:21
LH:0
BRDA:41,0,0,0
BRDA:41,0,1,0
BRDA:43,1,0,0
BRDA:43,1,1,0
BRDA:63,2,0,0
BRDA:63,2,1,0
BRDA:65,3,0,0
BRDA:65,3,1,0
BRDA:84,4,0,0
BRDA:84,4,1,0
BRDA:88,5,0,0
BRDA:88,5,1,0
BRF:12
BRH:0
end_of_record
TN:
SF:src\services\supabaseClient.ts
FNF:0
FNH:0
DA:3,0
DA:4,0
DA:6,0
LF:3
LH:0
BRDA:3,0,0,0
BRDA:3,0,1,0
BRDA:4,1,0,0
BRDA:4,1,1,0
BRF:4
BRH:0
end_of_record
TN:
SF:src\types\HouseholdDto.ts
FNF:0
FNH:0
LF:0
LH:0
BRF:0
BRH:0
end_of_record
TN:
SF:src\types\HouseholdMemberDto.ts
FNF:0
FNH:0
LF:0
LH:0
BRF:0
BRH:0
end_of_record
TN:
SF:src\types\MemberBadgeDto.ts
FNF:0
FNH:0
LF:0
LH:0
BRF:0
BRH:0
end_of_record
TN:
SF:src\types\MemberQuestDto.ts
FNF:0
FNH:0
LF:0
LH:0
BRF:0
BRH:0
end_of_record
TN:
SF:src\types\QuestCategory.ts
FNF:0
FNH:0
DA:3,0
LF:1
LH:0
BRF:0
BRH:0
end_of_record
